2020-03-28 21:39:18[INFO][com.jd.drools.test.AbstractRuleEngine.init()][main]:
初始化规则引擎…
2020-03-28 21:39:19[ERROR][com.jd.drools.test.Point2RuleEngine.loadKiePackages()][main]:
规则文件解析错误：Wrong date-effective value: Invalid date input format: [2011-01-08 23:59:59] it should follow: [dd-MMM-yyyy] : [Rule name='billThisMonthPoint']

Wrong date-expires value: Invalid date input format: [2011-08-08 23:59:59] it should follow: [dd-MMM-yyyy] : [Rule name='billThisMonthPoint']


2020-03-28 21:39:19[INFO][com.jd.drools.test.AbstractRuleEngine.init()][main]:
初始化规则引擎结束.
2020-03-28 21:39:59[INFO][com.jd.drools.test.AbstractRuleEngine.init()][main]:
初始化规则引擎…
2020-03-28 21:40:01[ERROR][com.jd.drools.test.Point2RuleEngine.loadKiePackages()][main]:
规则文件解析错误：Wrong date-effective value: Invalid date input format: [2011-01-08 23:59:59] it should follow: [dd-MMM-yyyy] : [Rule name='billThisMonthPoint']

Wrong date-expires value: Invalid date input format: [2011-08-08 23:59:59] it should follow: [dd-MMM-yyyy] : [Rule name='billThisMonthPoint']


2020-03-28 21:40:01[INFO][com.jd.drools.test.AbstractRuleEngine.init()][main]:
初始化规则引擎结束.
2020-03-28 21:41:47[INFO][com.jd.drools.test.AbstractRuleEngine.init()][main]:
初始化规则引擎…
2020-03-28 21:41:49[INFO][com.jd.drools.test.AbstractRuleEngine.init()][main]:
初始化规则引擎结束.
2020-03-28 21:42:18[INFO][com.jd.drools.test.AbstractRuleEngine.init()][main]:
初始化规则引擎…
2020-03-28 21:42:20[INFO][com.jd.drools.test.AbstractRuleEngine.init()][main]:
初始化规则引擎结束.
2020-03-28 21:51:10[INFO][com.jd.drools.test.AbstractRuleEngine.init()][main]:
初始化规则引擎…
2020-03-28 21:51:12[INFO][com.jd.drools.test.AbstractRuleEngine.init()][main]:
初始化规则引擎结束.
2020-03-28 21:51:36[INFO][com.jd.drools.test.AbstractRuleEngine.init()][main]:
初始化规则引擎…
2020-03-28 21:51:38[INFO][com.jd.drools.test.AbstractRuleEngine.init()][main]:
初始化规则引擎结束.
2020-03-28 21:51:57[INFO][com.jd.drools.test.AbstractRuleEngine.init()][main]:
初始化规则引擎…
2020-03-28 21:51:59[INFO][com.jd.drools.test.AbstractRuleEngine.init()][main]:
初始化规则引擎结束.
2020-03-28 21:57:17[INFO][com.jd.drools.test.AbstractRuleEngine.init()][main]:
初始化规则引擎…
2020-03-28 21:57:19[INFO][com.jd.drools.test.AbstractRuleEngine.init()][main]:
初始化规则引擎结束.
2020-03-28 21:57:19[INFO][com.jd.drools.test.AbstractRuleEngine.execute()][main]:
执行规则…
2020-03-28 21:57:19[INFO][com.jd.drools.test.AbstractRuleEngine.execute()][main]:
执行规则结束,耗时:212ms
2020-03-28 21:57:36[INFO][com.jd.drools.test.AbstractRuleEngine.init()][main]:
初始化规则引擎…
2020-03-28 21:57:38[INFO][com.jd.drools.test.AbstractRuleEngine.init()][main]:
初始化规则引擎结束.
2020-03-28 21:57:38[INFO][com.jd.drools.test.AbstractRuleEngine.execute()][main]:
执行规则…
2020-03-28 21:57:38[INFO][com.jd.drools.test.AbstractRuleEngine.execute()][main]:
执行规则结束,耗时:201ms
2020-03-28 21:57:49[INFO][com.jd.drools.test.AbstractRuleEngine.init()][main]:
初始化规则引擎…
2020-03-28 21:57:51[INFO][com.jd.drools.test.AbstractRuleEngine.init()][main]:
初始化规则引擎结束.
2020-03-28 21:57:51[INFO][com.jd.drools.test.AbstractRuleEngine.execute()][main]:
执行规则…
2020-03-28 21:57:51[INFO][com.jd.drools.test.AbstractRuleEngine.execute()][main]:
执行规则结束,耗时:177ms
2020-03-28 22:01:22[INFO][com.jd.drools.test.AbstractRuleEngine.init()][main]:
初始化规则引擎…
2020-03-28 22:01:24[INFO][com.jd.drools.test.AbstractRuleEngine.init()][main]:
初始化规则引擎结束.
2020-03-28 22:01:24[INFO][com.jd.drools.test.AbstractRuleEngine.execute()][main]:
执行规则…
2020-03-28 22:01:24[INFO][com.jd.drools.test.AbstractRuleEngine.execute()][main]:
执行规则结束,耗时:201ms
2020-03-28 22:01:32[INFO][com.jd.drools.test.AbstractRuleEngine.init()][main]:
初始化规则引擎…
2020-03-28 22:01:34[INFO][com.jd.drools.test.AbstractRuleEngine.init()][main]:
初始化规则引擎结束.
2020-03-28 22:01:34[INFO][com.jd.drools.test.AbstractRuleEngine.execute()][main]:
执行规则…
2020-03-28 22:01:34[INFO][com.jd.drools.test.AbstractRuleEngine.execute()][main]:
执行规则结束,耗时:215ms
